{"C:\\Users\\gabri\\Desktop\\7\\ativ7\\lib\\calculadora.js": {"path":"C:\\Users\\gabri\\Desktop\\7\\ativ7\\lib\\calculadora.js","statementMap":{"0":{"start":{"line":3,"column":25},"end":{"line":3,"column":27}},"1":{"start":{"line":4,"column":8},"end":{"line":7,"column":15}},"2":{"start":{"line":5,"column":12},"end":{"line":7,"column":15}},"3":{"start":{"line":8,"column":8},"end":{"line":11,"column":15}},"4":{"start":{"line":9,"column":12},"end":{"line":11,"column":15}},"5":{"start":{"line":13,"column":8},"end":{"line":16,"column":15}},"6":{"start":{"line":14,"column":12},"end":{"line":16,"column":15}},"7":{"start":{"line":17,"column":8},"end":{"line":20,"column":15}},"8":{"start":{"line":18,"column":12},"end":{"line":20,"column":15}},"9":{"start":{"line":22,"column":8},"end":{"line":22,"column":24}},"10":{"start":{"line":27,"column":0},"end":{"line":27,"column":29}}},"fnMap":{"0":{"name":"(anonymous_0)","decl":{"start":{"line":2,"column":4},"end":{"line":2,"column":5}},"loc":{"start":{"line":2,"column":24},"end":{"line":23,"column":5}},"line":2}},"branchMap":{"0":{"loc":{"start":{"line":4,"column":8},"end":{"line":7,"column":15}},"type":"if","locations":[{"start":{"line":4,"column":8},"end":{"line":7,"column":15}},{"start":{"line":4,"column":8},"end":{"line":7,"column":15}}],"line":4},"1":{"loc":{"start":{"line":4,"column":12},"end":{"line":4,"column":73}},"type":"binary-expr","locations":[{"start":{"line":4,"column":12},"end":{"line":4,"column":41}},{"start":{"line":4,"column":45},"end":{"line":4,"column":73}}],"line":4},"2":{"loc":{"start":{"line":8,"column":8},"end":{"line":11,"column":15}},"type":"if","locations":[{"start":{"line":8,"column":8},"end":{"line":11,"column":15}},{"start":{"line":8,"column":8},"end":{"line":11,"column":15}}],"line":8},"3":{"loc":{"start":{"line":8,"column":12},"end":{"line":8,"column":72}},"type":"binary-expr","locations":[{"start":{"line":8,"column":12},"end":{"line":8,"column":41}},{"start":{"line":8,"column":45},"end":{"line":8,"column":72}}],"line":8},"4":{"loc":{"start":{"line":13,"column":8},"end":{"line":16,"column":15}},"type":"if","locations":[{"start":{"line":13,"column":8},"end":{"line":16,"column":15}},{"start":{"line":13,"column":8},"end":{"line":16,"column":15}}],"line":13},"5":{"loc":{"start":{"line":13,"column":12},"end":{"line":13,"column":63}},"type":"binary-expr","locations":[{"start":{"line":13,"column":12},"end":{"line":13,"column":31}},{"start":{"line":13,"column":35},"end":{"line":13,"column":63}}],"line":13},"6":{"loc":{"start":{"line":17,"column":8},"end":{"line":20,"column":15}},"type":"if","locations":[{"start":{"line":17,"column":8},"end":{"line":20,"column":15}},{"start":{"line":17,"column":8},"end":{"line":20,"column":15}}],"line":17},"7":{"loc":{"start":{"line":17,"column":12},"end":{"line":17,"column":62}},"type":"binary-expr","locations":[{"start":{"line":17,"column":12},"end":{"line":17,"column":31}},{"start":{"line":17,"column":35},"end":{"line":17,"column":62}}],"line":17}},"s":{"0":4,"1":4,"2":1,"3":4,"4":1,"5":4,"6":1,"7":4,"8":1,"9":4,"10":1},"f":{"0":4},"b":{"0":[1,3],"1":[4,2],"2":[1,3],"3":[4,2],"4":[1,3],"5":[4,2],"6":[1,3],"7":[4,2]},"_coverageSchema":"1a1c01bbd47fc00a2c39e90264f33305004495a9","hash":"04fc7cd904872ad0ef338d106f7bbd8dc5ca0c03"}
}
