{"C:\\Users\\gabri\\Desktop\\7\\ativ7\\lib\\calculadora.js": {"path":"C:\\Users\\gabri\\Desktop\\7\\ativ7\\lib\\calculadora.js","statementMap":{"0":{"start":{"line":3,"column":25},"end":{"line":3,"column":27}},"1":{"start":{"line":6,"column":8},"end":{"line":9,"column":15}},"2":{"start":{"line":7,"column":12},"end":{"line":9,"column":15}},"3":{"start":{"line":10,"column":8},"end":{"line":13,"column":15}},"4":{"start":{"line":11,"column":12},"end":{"line":13,"column":15}},"5":{"start":{"line":16,"column":8},"end":{"line":19,"column":15}},"6":{"start":{"line":17,"column":12},"end":{"line":19,"column":15}},"7":{"start":{"line":20,"column":8},"end":{"line":23,"column":15}},"8":{"start":{"line":21,"column":12},"end":{"line":23,"column":15}},"9":{"start":{"line":26,"column":8},"end":{"line":29,"column":15}},"10":{"start":{"line":27,"column":12},"end":{"line":29,"column":15}},"11":{"start":{"line":30,"column":8},"end":{"line":33,"column":15}},"12":{"start":{"line":31,"column":12},"end":{"line":33,"column":15}},"13":{"start":{"line":36,"column":8},"end":{"line":39,"column":15}},"14":{"start":{"line":37,"column":12},"end":{"line":39,"column":15}},"15":{"start":{"line":40,"column":8},"end":{"line":43,"column":15}},"16":{"start":{"line":41,"column":12},"end":{"line":43,"column":15}},"17":{"start":{"line":45,"column":8},"end":{"line":45,"column":24}},"18":{"start":{"line":50,"column":0},"end":{"line":50,"column":29}}},"fnMap":{"0":{"name":"(anonymous_0)","decl":{"start":{"line":2,"column":4},"end":{"line":2,"column":5}},"loc":{"start":{"line":2,"column":24},"end":{"line":46,"column":5}},"line":2}},"branchMap":{"0":{"loc":{"start":{"line":6,"column":8},"end":{"line":9,"column":15}},"type":"if","locations":[{"start":{"line":6,"column":8},"end":{"line":9,"column":15}},{"start":{"line":6,"column":8},"end":{"line":9,"column":15}}],"line":6},"1":{"loc":{"start":{"line":6,"column":12},"end":{"line":6,"column":73}},"type":"binary-expr","locations":[{"start":{"line":6,"column":12},"end":{"line":6,"column":41}},{"start":{"line":6,"column":45},"end":{"line":6,"column":73}}],"line":6},"2":{"loc":{"start":{"line":10,"column":8},"end":{"line":13,"column":15}},"type":"if","locations":[{"start":{"line":10,"column":8},"end":{"line":13,"column":15}},{"start":{"line":10,"column":8},"end":{"line":13,"column":15}}],"line":10},"3":{"loc":{"start":{"line":10,"column":12},"end":{"line":10,"column":72}},"type":"binary-expr","locations":[{"start":{"line":10,"column":12},"end":{"line":10,"column":41}},{"start":{"line":10,"column":45},"end":{"line":10,"column":72}}],"line":10},"4":{"loc":{"start":{"line":16,"column":8},"end":{"line":19,"column":15}},"type":"if","locations":[{"start":{"line":16,"column":8},"end":{"line":19,"column":15}},{"start":{"line":16,"column":8},"end":{"line":19,"column":15}}],"line":16},"5":{"loc":{"start":{"line":16,"column":12},"end":{"line":16,"column":63}},"type":"binary-expr","locations":[{"start":{"line":16,"column":12},"end":{"line":16,"column":31}},{"start":{"line":16,"column":35},"end":{"line":16,"column":63}}],"line":16},"6":{"loc":{"start":{"line":20,"column":8},"end":{"line":23,"column":15}},"type":"if","locations":[{"start":{"line":20,"column":8},"end":{"line":23,"column":15}},{"start":{"line":20,"column":8},"end":{"line":23,"column":15}}],"line":20},"7":{"loc":{"start":{"line":20,"column":12},"end":{"line":20,"column":62}},"type":"binary-expr","locations":[{"start":{"line":20,"column":12},"end":{"line":20,"column":31}},{"start":{"line":20,"column":35},"end":{"line":20,"column":62}}],"line":20},"8":{"loc":{"start":{"line":26,"column":8},"end":{"line":29,"column":15}},"type":"if","locations":[{"start":{"line":26,"column":8},"end":{"line":29,"column":15}},{"start":{"line":26,"column":8},"end":{"line":29,"column":15}}],"line":26},"9":{"loc":{"start":{"line":26,"column":12},"end":{"line":26,"column":68}},"type":"binary-expr","locations":[{"start":{"line":26,"column":12},"end":{"line":26,"column":36}},{"start":{"line":26,"column":40},"end":{"line":26,"column":68}}],"line":26},"10":{"loc":{"start":{"line":30,"column":8},"end":{"line":33,"column":15}},"type":"if","locations":[{"start":{"line":30,"column":8},"end":{"line":33,"column":15}},{"start":{"line":30,"column":8},"end":{"line":33,"column":15}}],"line":30},"11":{"loc":{"start":{"line":30,"column":12},"end":{"line":30,"column":67}},"type":"binary-expr","locations":[{"start":{"line":30,"column":12},"end":{"line":30,"column":36}},{"start":{"line":30,"column":40},"end":{"line":30,"column":67}}],"line":30},"12":{"loc":{"start":{"line":36,"column":8},"end":{"line":39,"column":15}},"type":"if","locations":[{"start":{"line":36,"column":8},"end":{"line":39,"column":15}},{"start":{"line":36,"column":8},"end":{"line":39,"column":15}}],"line":36},"13":{"loc":{"start":{"line":36,"column":12},"end":{"line":36,"column":67}},"type":"binary-expr","locations":[{"start":{"line":36,"column":12},"end":{"line":36,"column":35}},{"start":{"line":36,"column":39},"end":{"line":36,"column":67}}],"line":36},"14":{"loc":{"start":{"line":40,"column":8},"end":{"line":43,"column":15}},"type":"if","locations":[{"start":{"line":40,"column":8},"end":{"line":43,"column":15}},{"start":{"line":40,"column":8},"end":{"line":43,"column":15}}],"line":40},"15":{"loc":{"start":{"line":40,"column":12},"end":{"line":40,"column":66}},"type":"binary-expr","locations":[{"start":{"line":40,"column":12},"end":{"line":40,"column":35}},{"start":{"line":40,"column":39},"end":{"line":40,"column":66}}],"line":40}},"s":{"0":8,"1":8,"2":1,"3":8,"4":1,"5":8,"6":1,"7":8,"8":1,"9":8,"10":1,"11":8,"12":1,"13":8,"14":1,"15":8,"16":1,"17":8,"18":1},"f":{"0":8},"b":{"0":[1,7],"1":[8,2],"2":[1,7],"3":[8,2],"4":[1,7],"5":[8,2],"6":[1,7],"7":[8,2],"8":[1,7],"9":[8,2],"10":[1,7],"11":[8,2],"12":[1,7],"13":[8,2],"14":[1,7],"15":[8,2]},"_coverageSchema":"1a1c01bbd47fc00a2c39e90264f33305004495a9","hash":"55712bd8f015ca0a9856f3722d18f846ad043021"}
}
