TN:
SF:lib\calculadora.js
FN:2,(anonymous_0)
FNF:1
FNH:1
FNDA:8,(anonymous_0)
DA:3,8
DA:6,8
DA:7,1
DA:10,8
DA:11,1
DA:16,8
DA:17,1
DA:20,8
DA:21,1
DA:26,8
DA:27,1
DA:30,8
DA:31,1
DA:36,8
DA:37,1
DA:40,8
DA:41,1
DA:45,8
DA:50,1
LF:19
LH:19
BRDA:6,0,0,1
BRDA:6,0,1,7
BRDA:6,1,0,8
BRDA:6,1,1,2
BRDA:10,2,0,1
BRDA:10,2,1,7
BRDA:10,3,0,8
BRDA:10,3,1,2
BRDA:16,4,0,1
BRDA:16,4,1,7
BRDA:16,5,0,8
BRDA:16,5,1,2
BRDA:20,6,0,1
BRDA:20,6,1,7
BRDA:20,7,0,8
BRDA:20,7,1,2
BRDA:26,8,0,1
BRDA:26,8,1,7
BRDA:26,9,0,8
BRDA:26,9,1,2
BRDA:30,10,0,1
BRDA:30,10,1,7
BRDA:30,11,0,8
BRDA:30,11,1,2
BRDA:36,12,0,1
BRDA:36,12,1,7
BRDA:36,13,0,8
BRDA:36,13,1,2
BRDA:40,14,0,1
BRDA:40,14,1,7
BRDA:40,15,0,8
BRDA:40,15,1,2
BRF:32
BRH:32
end_of_record
