TN:
SF:lib\calculadora.js
FN:2,(anonymous_0)
FNF:1
FNH:1
FNDA:6,(anonymous_0)
DA:3,6
DA:4,6
DA:5,1
DA:8,6
DA:9,1
DA:13,6
DA:14,1
DA:17,6
DA:18,1
DA:22,6
DA:23,1
DA:26,6
DA:27,1
DA:31,6
DA:36,1
LF:15
LH:15
BRDA:4,0,0,1
BRDA:4,0,1,5
BRDA:4,1,0,6
BRDA:4,1,1,2
BRDA:8,2,0,1
BRDA:8,2,1,5
BRDA:8,3,0,6
BRDA:8,3,1,2
BRDA:13,4,0,1
BRDA:13,4,1,5
BRDA:13,5,0,6
BRDA:13,5,1,2
BRDA:17,6,0,1
BRDA:17,6,1,5
BRDA:17,7,0,6
BRDA:17,7,1,2
BRDA:22,8,0,1
BRDA:22,8,1,5
BRDA:22,9,0,6
BRDA:22,9,1,2
BRDA:26,10,0,1
BRDA:26,10,1,5
BRDA:26,11,0,6
BRDA:26,11,1,2
BRF:24
BRH:24
end_of_record
